#-----------------------------------------------------------
# Vivado v2019.1 (64-bit)
# SW Build 2552052 on Fri May 24 14:49:42 MDT 2019
# IP Build 2548770 on Fri May 24 18:01:18 MDT 2019
# Start of session at: Sun Jan  2 14:31:02 2022
# Process ID: 13728
# Current directory: D:/yingzong/pipeline_5level_CPU/pipeline_5level_CPU
# Command line: vivado.exe -gui_launcher_event rodinguilauncherevent7184 D:\yingzong\pipeline_5level_CPU\pipeline_5level_CPU\pipeline_5level_CPU.xpr
# Log file: D:/yingzong/pipeline_5level_CPU/pipeline_5level_CPU/vivado.log
# Journal file: D:/yingzong/pipeline_5level_CPU/pipeline_5level_CPU\vivado.jou
#-----------------------------------------------------------
start_gui
open_project D:/yingzong/pipeline_5level_CPU/pipeline_5level_CPU/pipeline_5level_CPU.xpr
INFO: [Project 1-313] Project file moved from 'D:/vivado_workspace/ComputerComposition/pipeline_5level_CPU' since last save.
Scanning sources...
Finished scanning sources
INFO: [IP_Flow 19-234] Refreshing IP repositories
INFO: [IP_Flow 19-1704] No user IP repositories specified
INFO: [IP_Flow 19-2313] Loaded Vivado IP repository 'D:/xilinx/Vivado/2019.1/data/ip'.
open_project: Time (s): cpu = 00:00:22 ; elapsed = 00:00:09 . Memory (MB): peak = 768.938 ; gain = 128.676
update_compile_order -fileset sources_1
launch_simulation
INFO: [Vivado 12-5698] Checking validity of IPs in the design for the 'XSim' simulator...
INFO: [Vivado 12-5682] Launching behavioral simulation in 'D:/yingzong/pipeline_5level_CPU/pipeline_5level_CPU/pipeline_5level_CPU.sim/sim_1/behav/xsim'
INFO: [Vivado 12-4795] Using compiled simulation libraries for IPs
INFO: [SIM-utils-51] Simulation object is 'sim_1'
INFO: [USF-XSim-7] Finding pre-compiled libraries...
INFO: [USF-XSim-11] File 'D:/xilinx/Vivado/2019.1/data/xsim/xsim.ini' copied to run dir:'D:/yingzong/pipeline_5level_CPU/pipeline_5level_CPU/pipeline_5level_CPU.sim/sim_1/behav/xsim'
INFO: [SIM-utils-54] Inspecting design source files for 'testbench' in fileset 'sim_1'...
INFO: [SIM-utils-43] Exported 'D:/yingzong/pipeline_5level_CPU/pipeline_5level_CPU/pipeline_5level_CPU.sim/sim_1/behav/xsim/inst_ram.mif'
INFO: [SIM-utils-43] Exported 'D:/yingzong/pipeline_5level_CPU/pipeline_5level_CPU/pipeline_5level_CPU.sim/sim_1/behav/xsim/mipstest.coe'
INFO: [USF-XSim-97] Finding global include files...
INFO: [USF-XSim-98] Fetching design files from 'sim_1'...
INFO: [USF-XSim-2] XSim::Compile design
INFO: [USF-XSim-61] Executing 'COMPILE and ANALYZE' step in 'D:/yingzong/pipeline_5level_CPU/pipeline_5level_CPU/pipeline_5level_CPU.sim/sim_1/behav/xsim'
"xvlog --incr --relax -prj testbench_vlog.prj"
INFO: [VRFC 10-2263] Analyzing Verilog file "D:/yingzong/pipeline_5level_CPU/pipeline_5level_CPU/pipeline_5level_CPU.srcs/sources_1/ip/data_ram/sim/data_ram.v" into library xil_defaultlib
INFO: [VRFC 10-311] analyzing module data_ram
INFO: [VRFC 10-2263] Analyzing Verilog file "D:/yingzong/pipeline_5level_CPU/pipeline_5level_CPU/pipeline_5level_CPU.srcs/sources_1/ip/inst_ram/sim/inst_ram.v" into library xil_defaultlib
INFO: [VRFC 10-311] analyzing module inst_ram
INFO: [VRFC 10-2263] Analyzing Verilog file "D:/yingzong/pipeline_5level_CPU/pipeline_5level_CPU/rtl/adder.v" into library xil_defaultlib
INFO: [VRFC 10-311] analyzing module adder
INFO: [VRFC 10-2263] Analyzing Verilog file "D:/yingzong/pipeline_5level_CPU/pipeline_5level_CPU/rtl/alu.v" into library xil_defaultlib
INFO: [VRFC 10-311] analyzing module alu
INFO: [VRFC 10-2263] Analyzing Verilog file "D:/yingzong/pipeline_5level_CPU/pipeline_5level_CPU/rtl/controller.v" into library xil_defaultlib
INFO: [VRFC 10-311] analyzing module controller
INFO: [VRFC 10-311] analyzing module aludec
INFO: [VRFC 10-311] analyzing module maindec
INFO: [VRFC 10-2263] Analyzing Verilog file "D:/yingzong/pipeline_5level_CPU/pipeline_5level_CPU/rtl/datapath.v" into library xil_defaultlib
INFO: [VRFC 10-311] analyzing module datapath
INFO: [VRFC 10-2263] Analyzing Verilog file "D:/yingzong/pipeline_5level_CPU/pipeline_5level_CPU/rtl/flopenrc.v" into library xil_defaultlib
INFO: [VRFC 10-311] analyzing module flopenrc
INFO: [VRFC 10-2263] Analyzing Verilog file "D:/yingzong/pipeline_5level_CPU/pipeline_5level_CPU/rtl/hazard.v" into library xil_defaultlib
INFO: [VRFC 10-311] analyzing module hazard
INFO: [VRFC 10-2458] undeclared symbol branchstallD, assumed default net type wire [D:/yingzong/pipeline_5level_CPU/pipeline_5level_CPU/rtl/hazard.v:21]
INFO: [VRFC 10-2263] Analyzing Verilog file "D:/yingzong/pipeline_5level_CPU/pipeline_5level_CPU/rtl/mips.v" into library xil_defaultlib
INFO: [VRFC 10-311] analyzing module mips
INFO: [VRFC 10-2263] Analyzing Verilog file "D:/yingzong/pipeline_5level_CPU/pipeline_5level_CPU/rtl/mux2.v" into library xil_defaultlib
INFO: [VRFC 10-311] analyzing module mux2
INFO: [VRFC 10-2263] Analyzing Verilog file "D:/yingzong/pipeline_5level_CPU/pipeline_5level_CPU/rtl/mux3.v" into library xil_defaultlib
INFO: [VRFC 10-311] analyzing module mux3
INFO: [VRFC 10-2263] Analyzing Verilog file "D:/yingzong/pipeline_5level_CPU/pipeline_5level_CPU/rtl/pc.v" into library xil_defaultlib
INFO: [VRFC 10-311] analyzing module pc
INFO: [VRFC 10-2263] Analyzing Verilog file "D:/yingzong/pipeline_5level_CPU/pipeline_5level_CPU/rtl/regfile.v" into library xil_defaultlib
INFO: [VRFC 10-311] analyzing module regfile
INFO: [VRFC 10-2263] Analyzing Verilog file "D:/yingzong/pipeline_5level_CPU/pipeline_5level_CPU/rtl/signext.v" into library xil_defaultlib
INFO: [VRFC 10-311] analyzing module signext
INFO: [VRFC 10-2263] Analyzing Verilog file "D:/yingzong/pipeline_5level_CPU/pipeline_5level_CPU/rtl/sl2.v" into library xil_defaultlib
INFO: [VRFC 10-311] analyzing module sl2
INFO: [VRFC 10-2263] Analyzing Verilog file "D:/yingzong/pipeline_5level_CPU/pipeline_5level_CPU/rtl/top.v" into library xil_defaultlib
INFO: [VRFC 10-311] analyzing module top
INFO: [VRFC 10-2263] Analyzing Verilog file "D:/yingzong/pipeline_5level_CPU/pipeline_5level_CPU/sim/testbench.v" into library xil_defaultlib
INFO: [VRFC 10-311] analyzing module testbench
INFO: [VRFC 10-2263] Analyzing Verilog file "D:/yingzong/pipeline_5level_CPU/pipeline_5level_CPU/pipeline_5level_CPU.sim/sim_1/behav/xsim/glbl.v" into library xil_defaultlib
INFO: [VRFC 10-311] analyzing module glbl
INFO: [USF-XSim-69] 'compile' step finished in '2' seconds
INFO: [USF-XSim-3] XSim::Elaborate design
INFO: [USF-XSim-61] Executing 'ELABORATE' step in 'D:/yingzong/pipeline_5level_CPU/pipeline_5level_CPU/pipeline_5level_CPU.sim/sim_1/behav/xsim'
"xelab -wto 2c2e8453c7a044678b3fdcac9fbbb5ca --incr --debug typical --relax --mt 2 -L blk_mem_gen_v8_4_3 -L xil_defaultlib -L unisims_ver -L unimacro_ver -L secureip -L xpm --snapshot testbench_behav xil_defaultlib.testbench xil_defaultlib.glbl -log elaborate.log"
Vivado Simulator 2019.1
Copyright 1986-1999, 2001-2019 Xilinx, Inc. All Rights Reserved.
Running: D:/xilinx/Vivado/2019.1/bin/unwrapped/win64.o/xelab.exe -wto 2c2e8453c7a044678b3fdcac9fbbb5ca --incr --debug typical --relax --mt 2 -L blk_mem_gen_v8_4_3 -L xil_defaultlib -L unisims_ver -L unimacro_ver -L secureip -L xpm --snapshot testbench_behav xil_defaultlib.testbench xil_defaultlib.glbl -log elaborate.log 
Using 2 slave threads.
Starting static elaboration
Completed static elaboration
Starting simulation data flow analysis
Completed simulation data flow analysis
Time Resolution for simulation is 1ps
Compiling module xil_defaultlib.maindec
Compiling module xil_defaultlib.aludec
Compiling module xil_defaultlib.flopenrc(WIDTH=9)
Compiling module xil_defaultlib.flopenrc(WIDTH=4)
Compiling module xil_defaultlib.flopenrc(WIDTH=2)
Compiling module xil_defaultlib.controller
Compiling module xil_defaultlib.mux2(WIDTH=32)
Compiling module xil_defaultlib.pc
Compiling module xil_defaultlib.adder
Compiling module xil_defaultlib.flopenrc
Compiling module xil_defaultlib.regfile
Compiling module xil_defaultlib.signext
Compiling module xil_defaultlib.sl2
Compiling module xil_defaultlib.flopenrc(WIDTH=5)
Compiling module xil_defaultlib.mux2(WIDTH=5)
Compiling module xil_defaultlib.mux3(WIDTH=32)
Compiling module xil_defaultlib.alu
Compiling module xil_defaultlib.flopenrc(WIDTH=1)
Compiling module xil_defaultlib.hazard
Compiling module xil_defaultlib.datapath
Compiling module xil_defaultlib.mips
Compiling module blk_mem_gen_v8_4_3.blk_mem_gen_v8_4_3_output_stage(...
Compiling module blk_mem_gen_v8_4_3.blk_mem_gen_v8_4_3_output_stage(...
Compiling module blk_mem_gen_v8_4_3.blk_mem_gen_v8_4_3_softecc_outpu...
Compiling module blk_mem_gen_v8_4_3.blk_mem_gen_v8_4_3_mem_module(C_...
Compiling module blk_mem_gen_v8_4_3.blk_mem_gen_v8_4_3(C_FAMILY="art...
Compiling module xil_defaultlib.inst_ram
Compiling module blk_mem_gen_v8_4_3.blk_mem_gen_v8_4_3_mem_module(C_...
Compiling module blk_mem_gen_v8_4_3.blk_mem_gen_v8_4_3(C_FAMILY="art...
Compiling module xil_defaultlib.data_ram
Compiling module xil_defaultlib.top
Compiling module xil_defaultlib.testbench
Compiling module xil_defaultlib.glbl
Built simulation snapshot testbench_behav

****** Webtalk v2019.1 (64-bit)
  **** SW Build 2552052 on Fri May 24 14:49:42 MDT 2019
  **** IP Build 2548770 on Fri May 24 18:01:18 MDT 2019
    ** Copyright 1986-2019 Xilinx, Inc. All Rights Reserved.

source D:/yingzong/pipeline_5level_CPU/pipeline_5level_CPU/pipeline_5level_CPU.sim/sim_1/behav/xsim/xsim.dir/testbench_behav/webtalk/xsim_webtalk.tcl -notrace
INFO: [Common 17-186] 'D:/yingzong/pipeline_5level_CPU/pipeline_5level_CPU/pipeline_5level_CPU.sim/sim_1/behav/xsim/xsim.dir/testbench_behav/webtalk/usage_statistics_ext_xsim.xml' has been successfully sent to Xilinx on Sun Jan  2 14:32:20 2022. For additional details about this file, please refer to the WebTalk help file at D:/xilinx/Vivado/2019.1/doc/webtalk_introduction.html.
webtalk_transmit: Time (s): cpu = 00:00:00 ; elapsed = 00:00:05 . Memory (MB): peak = 91.508 ; gain = 0.000
INFO: [Common 17-206] Exiting Webtalk at Sun Jan  2 14:32:20 2022...
run_program: Time (s): cpu = 00:00:02 ; elapsed = 00:00:12 . Memory (MB): peak = 788.121 ; gain = 0.000
INFO: [USF-XSim-69] 'elaborate' step finished in '12' seconds
INFO: [USF-XSim-4] XSim::Simulate design
INFO: [USF-XSim-61] Executing 'SIMULATE' step in 'D:/yingzong/pipeline_5level_CPU/pipeline_5level_CPU/pipeline_5level_CPU.sim/sim_1/behav/xsim'
INFO: [USF-XSim-98] *** Running xsim
   with args "testbench_behav -key {Behavioral:sim_1:Functional:testbench} -tclbatch {testbench.tcl} -log {simulate.log}"
INFO: [USF-XSim-8] Loading simulator feature
Vivado Simulator 2019.1
Time resolution is 1 ps
source testbench.tcl
# set curr_wave [current_wave_config]
# if { [string length $curr_wave] == 0 } {
#   if { [llength [get_objects]] > 0} {
#     add_wave /
#     set_property needs_save false [current_wave_config]
#   } else {
#      send_msg_id Add_Wave-1 WARNING "No top level signals found. Simulator will start without a wave window. If you want to open a wave window go to 'File->New Waveform Configuration' or type 'create_wave_config' in the TCL console."
#   }
# }
# log_wave -r /
# run 1000ns
 Block Memory Generator module loading initial data...
 Block Memory Generator data initialization complete.
Block Memory Generator module testbench.dut.imem.inst.native_mem_module.blk_mem_gen_v8_4_3_inst is using a behavioral model for simulation which will not precisely model memory collision behavior.
 Block Memory Generator module loading initial data...
 Block Memory Generator data initialization complete.
Block Memory Generator module testbench.dut.dmem.inst.native_mem_module.blk_mem_gen_v8_4_3_inst is using a behavioral model for simulation which will not precisely model memory collision behavior.
Simulation succeeded
$stop called at time : 630 ns : File "D:/yingzong/pipeline_5level_CPU/pipeline_5level_CPU/sim/testbench.v" Line 52
xsim: Time (s): cpu = 00:00:13 ; elapsed = 00:00:05 . Memory (MB): peak = 795.793 ; gain = 7.672
INFO: [USF-XSim-96] XSim completed. Design snapshot 'testbench_behav' loaded.
INFO: [USF-XSim-97] XSim simulation ran for 1000ns
launch_simulation: Time (s): cpu = 00:00:17 ; elapsed = 00:00:21 . Memory (MB): peak = 795.793 ; gain = 7.672
close_sim
INFO: [Simtcl 6-16] Simulation closed
close_sim: Time (s): cpu = 00:00:02 ; elapsed = 00:00:08 . Memory (MB): peak = 799.262 ; gain = 3.469
WARNING: [IP_Flow 19-4067] Ignoring invalid widget type specified checkbox.Providing a default widget
WARNING: [IP_Flow 19-4067] Ignoring invalid widget type specified checkbox.Providing a default widget
WARNING: [IP_Flow 19-4067] Ignoring invalid widget type specified checkbox.Providing a default widget
WARNING: [IP_Flow 19-4067] Ignoring invalid widget type specified checkbox.Providing a default widget
INFO: [IP_Flow 19-3484] Absolute path of file 'd:/yingzong/testcoe/funcTest_independent/j_BTest/Test1/obj/inst_ram.coe' provided. It will be converted relative to IP Instance files '../../../../../../testcoe/funcTest_independent/j_BTest/Test1/obj/inst_ram.coe'
set_property -dict [list CONFIG.Coe_File {D:/yingzong/testcoe/funcTest_independent/j_BTest/Test1/obj/inst_ram.coe}] [get_ips inst_ram]
INFO: [IP_Flow 19-3484] Absolute path of file 'd:/yingzong/testcoe/funcTest_independent/j_BTest/Test1/obj/inst_ram.coe' provided. It will be converted relative to IP Instance files '../../../../../../testcoe/funcTest_independent/j_BTest/Test1/obj/inst_ram.coe'
generate_target all [get_files  D:/yingzong/pipeline_5level_CPU/pipeline_5level_CPU/pipeline_5level_CPU.srcs/sources_1/ip/inst_ram/inst_ram.xci]
INFO: [IP_Flow 19-1686] Generating 'Instantiation Template' target for IP 'inst_ram'...
INFO: [IP_Flow 19-1686] Generating 'Synthesis' target for IP 'inst_ram'...
INFO: [IP_Flow 19-1686] Generating 'Simulation' target for IP 'inst_ram'...
INFO: [IP_Flow 19-1686] Generating 'Miscellaneous' target for IP 'inst_ram'...
INFO: [IP_Flow 19-1686] Generating 'Change Log' target for IP 'inst_ram'...
catch { config_ip_cache -export [get_ips -all inst_ram] }
export_ip_user_files -of_objects [get_files D:/yingzong/pipeline_5level_CPU/pipeline_5level_CPU/pipeline_5level_CPU.srcs/sources_1/ip/inst_ram/inst_ram.xci] -no_script -sync -force -quiet
reset_run inst_ram_synth_1
launch_runs -jobs 4 inst_ram_synth_1
[Sun Jan  2 15:04:06 2022] Launched inst_ram_synth_1...
Run output will be captured here: D:/yingzong/pipeline_5level_CPU/pipeline_5level_CPU/pipeline_5level_CPU.runs/inst_ram_synth_1/runme.log
export_simulation -of_objects [get_files D:/yingzong/pipeline_5level_CPU/pipeline_5level_CPU/pipeline_5level_CPU.srcs/sources_1/ip/inst_ram/inst_ram.xci] -directory D:/yingzong/pipeline_5level_CPU/pipeline_5level_CPU/pipeline_5level_CPU.ip_user_files/sim_scripts -ip_user_files_dir D:/yingzong/pipeline_5level_CPU/pipeline_5level_CPU/pipeline_5level_CPU.ip_user_files -ipstatic_source_dir D:/yingzong/pipeline_5level_CPU/pipeline_5level_CPU/pipeline_5level_CPU.ip_user_files/ipstatic -lib_map_path [list {modelsim=D:/yingzong/pipeline_5level_CPU/pipeline_5level_CPU/pipeline_5level_CPU.cache/compile_simlib/modelsim} {questa=D:/yingzong/pipeline_5level_CPU/pipeline_5level_CPU/pipeline_5level_CPU.cache/compile_simlib/questa} {riviera=D:/yingzong/pipeline_5level_CPU/pipeline_5level_CPU/pipeline_5level_CPU.cache/compile_simlib/riviera} {activehdl=D:/yingzong/pipeline_5level_CPU/pipeline_5level_CPU/pipeline_5level_CPU.cache/compile_simlib/activehdl}] -use_ip_compiled_libs -force -quiet
WARNING: [IP_Flow 19-4067] Ignoring invalid widget type specified checkbox.Providing a default widget
WARNING: [IP_Flow 19-4067] Ignoring invalid widget type specified checkbox.Providing a default widget
INFO: [IP_Flow 19-3484] Absolute path of file 'd:/yingzong/testcoe/funcTest_independent/j_BTest/Test1/obj/data_ram.coe' provided. It will be converted relative to IP Instance files '../../../../../../testcoe/funcTest_independent/j_BTest/Test1/obj/data_ram.coe'
set_property -dict [list CONFIG.Load_Init_File {true} CONFIG.Coe_File {D:/yingzong/testcoe/funcTest_independent/j_BTest/Test1/obj/data_ram.coe}] [get_ips data_ram]
INFO: [IP_Flow 19-3484] Absolute path of file 'd:/yingzong/testcoe/funcTest_independent/j_BTest/Test1/obj/data_ram.coe' provided. It will be converted relative to IP Instance files '../../../../../../testcoe/funcTest_independent/j_BTest/Test1/obj/data_ram.coe'
generate_target all [get_files  D:/yingzong/pipeline_5level_CPU/pipeline_5level_CPU/pipeline_5level_CPU.srcs/sources_1/ip/data_ram/data_ram.xci]
INFO: [IP_Flow 19-1686] Generating 'Instantiation Template' target for IP 'data_ram'...
INFO: [IP_Flow 19-1686] Generating 'Synthesis' target for IP 'data_ram'...
INFO: [IP_Flow 19-1686] Generating 'Simulation' target for IP 'data_ram'...
INFO: [IP_Flow 19-1686] Generating 'Miscellaneous' target for IP 'data_ram'...
INFO: [IP_Flow 19-1686] Generating 'Change Log' target for IP 'data_ram'...
catch { config_ip_cache -export [get_ips -all data_ram] }
export_ip_user_files -of_objects [get_files D:/yingzong/pipeline_5level_CPU/pipeline_5level_CPU/pipeline_5level_CPU.srcs/sources_1/ip/data_ram/data_ram.xci] -no_script -sync -force -quiet
reset_run data_ram_synth_1
WARNING: [Vivado 12-1017] Problems encountered:
1. Failed to delete one or more files in run directory D:/yingzong/pipeline_5level_CPU/pipeline_5level_CPU/pipeline_5level_CPU.runs/data_ram_synth_1

launch_runs -jobs 4 data_ram_synth_1
[Sun Jan  2 15:04:45 2022] Launched data_ram_synth_1...
Run output will be captured here: D:/yingzong/pipeline_5level_CPU/pipeline_5level_CPU/pipeline_5level_CPU.runs/data_ram_synth_1/runme.log
export_simulation -of_objects [get_files D:/yingzong/pipeline_5level_CPU/pipeline_5level_CPU/pipeline_5level_CPU.srcs/sources_1/ip/data_ram/data_ram.xci] -directory D:/yingzong/pipeline_5level_CPU/pipeline_5level_CPU/pipeline_5level_CPU.ip_user_files/sim_scripts -ip_user_files_dir D:/yingzong/pipeline_5level_CPU/pipeline_5level_CPU/pipeline_5level_CPU.ip_user_files -ipstatic_source_dir D:/yingzong/pipeline_5level_CPU/pipeline_5level_CPU/pipeline_5level_CPU.ip_user_files/ipstatic -lib_map_path [list {modelsim=D:/yingzong/pipeline_5level_CPU/pipeline_5level_CPU/pipeline_5level_CPU.cache/compile_simlib/modelsim} {questa=D:/yingzong/pipeline_5level_CPU/pipeline_5level_CPU/pipeline_5level_CPU.cache/compile_simlib/questa} {riviera=D:/yingzong/pipeline_5level_CPU/pipeline_5level_CPU/pipeline_5level_CPU.cache/compile_simlib/riviera} {activehdl=D:/yingzong/pipeline_5level_CPU/pipeline_5level_CPU/pipeline_5level_CPU.cache/compile_simlib/activehdl}] -use_ip_compiled_libs -force -quiet
exit
INFO: [Common 17-206] Exiting Vivado at Sun Jan  2 16:02:49 2022...
